<?xml version="1.0" encoding="UTF-8"?>
<!-- Generated by org.testng.reporters.JUnitReportReporter -->
<testsuite hostname="LAPTOP-9PSLU48T" failures="0" tests="1" name="calenderPopUps.ClearTripScenario" time="3.451" errors="0" timestamp="2022-09-21T16:26:45 IST" skipped="0">
  <testcase classname="calenderPopUps.ClearTripScenario" name="calender" time="3.451"/>
  <system-out/>
</testsuite> <!-- calenderPopUps.ClearTripScenario -->
